<?xml version="1.0" encoding="UTF-8"?>
<!-- Generated by org.testng.reporters.JUnitXMLReporter -->
<testsuite ignored="0" hostname="Koneri" failures="0" tests="3" name="Default test" time="19.588" errors="0" timestamp="2021-07-22T05:08:55 BST">
  <testcase classname="answerdigital.Testcase1" name="testcase1_1" time="1.467"/>
  <testcase classname="answerdigital.Testcase1" name="testcase1_2" time="1.351"/>
  <testcase classname="answerdigital.Testcase1" name="testcase1_3" time="1.815"/>
</testsuite> <!-- Default test -->
