<?xml version="1.0" encoding="UTF-8"?>
<!-- Generated by org.testng.reporters.JUnitXMLReporter -->
<testsuite ignored="0" hostname="Koneri" failures="0" tests="5" name="test1" time="43.046" errors="0" timestamp="2021-07-22T05:09:57 BST">
  <testcase classname="answerdigital.Testcase1" name="testcase1_1" time="1.539"/>
  <testcase classname="answerdigital.Testcase1" name="testcase1_2" time="1.592"/>
  <testcase classname="answerdigital.Testcase1" name="testcase1_3" time="2.005"/>
  <testcase classname="answerdigital.Testcase2" name="mtd_testcase2" time="4.52"/>
  <testcase classname="answerdigital.Testcase3" name="mtd_testcase3" time="5.704"/>
</testsuite> <!-- test1 -->
