<?xml version="1.0" encoding="UTF-8"?>
<testng-results ignored="0" total="5" passed="5" failed="0" skipped="0">
  <reporter-output>
  </reporter-output>
  <suite started-at="2021-07-22T05:09:14 BST" name="Suite" finished-at="2021-07-22T05:09:57 BST" duration-ms="43046">
    <groups>
      <group name="Login">
        <method signature="Testcase1.testcase1_1()[pri:2, instance:answerdigital.Testcase1@31e5415e]" name="testcase1_1" class="answerdigital.Testcase1"/>
        <method signature="Testcase1.testcase1_2()[pri:2, instance:answerdigital.Testcase1@31e5415e]" name="testcase1_2" class="answerdigital.Testcase1"/>
        <method signature="Testcase1.testcase1_3()[pri:2, instance:answerdigital.Testcase1@31e5415e]" name="testcase1_3" class="answerdigital.Testcase1"/>
      </group> <!-- Login -->
    </groups>
    <test started-at="2021-07-22T05:09:14 BST" name="test1" finished-at="2021-07-22T05:09:57 BST" duration-ms="43046">
      <class name="answerdigital.Testcase2">
        <test-method is-config="true" signature="beforeMethod()[pri:0, instance:answerdigital.Testcase2@fba92d3]" started-at="2021-07-22T05:09:37 BST" name="beforeMethod" finished-at="2021-07-22T05:09:42 BST" duration-ms="4841" status="PASS">
          <reporter-output>
          </reporter-output>
        </test-method> <!-- beforeMethod -->
        <test-method signature="mtd_testcase2()[pri:0, instance:answerdigital.Testcase2@fba92d3]" started-at="2021-07-22T05:09:42 BST" name="mtd_testcase2" finished-at="2021-07-22T05:09:46 BST" duration-ms="4520" status="PASS">
          <reporter-output>
          </reporter-output>
        </test-method> <!-- mtd_testcase2 -->
        <test-method is-config="true" signature="afterMethod()[pri:0, instance:answerdigital.Testcase2@fba92d3]" started-at="2021-07-22T05:09:46 BST" name="afterMethod" finished-at="2021-07-22T05:09:46 BST" duration-ms="180" status="PASS">
          <reporter-output>
          </reporter-output>
        </test-method> <!-- afterMethod -->
      </class> <!-- answerdigital.Testcase2 -->
      <class name="answerdigital.Testcase3">
        <test-method is-config="true" signature="beforeMethod()[pri:0, instance:answerdigital.Testcase3@662b4c69]" started-at="2021-07-22T05:09:46 BST" name="beforeMethod" finished-at="2021-07-22T05:09:51 BST" duration-ms="4933" status="PASS">
          <reporter-output>
          </reporter-output>
        </test-method> <!-- beforeMethod -->
        <test-method signature="mtd_testcase3()[pri:0, instance:answerdigital.Testcase3@662b4c69]" started-at="2021-07-22T05:09:51 BST" name="mtd_testcase3" finished-at="2021-07-22T05:09:57 BST" duration-ms="5704" status="PASS">
          <reporter-output>
          </reporter-output>
        </test-method> <!-- mtd_testcase3 -->
        <test-method is-config="true" signature="afterMethod()[pri:0, instance:answerdigital.Testcase3@662b4c69]" started-at="2021-07-22T05:09:57 BST" name="afterMethod" finished-at="2021-07-22T05:09:57 BST" duration-ms="199" status="PASS">
          <reporter-output>
          </reporter-output>
        </test-method> <!-- afterMethod -->
      </class> <!-- answerdigital.Testcase3 -->
      <class name="answerdigital.Testcase1">
        <test-method is-config="true" signature="beforeMethod()[pri:0, instance:answerdigital.Testcase1@31e5415e]" started-at="2021-07-22T05:09:14 BST" name="beforeMethod" finished-at="2021-07-22T05:09:21 BST" duration-ms="6396" status="PASS">
          <reporter-output>
          </reporter-output>
        </test-method> <!-- beforeMethod -->
        <test-method signature="testcase1_1()[pri:2, instance:answerdigital.Testcase1@31e5415e]" started-at="2021-07-22T05:09:21 BST" name="testcase1_1" finished-at="2021-07-22T05:09:22 BST" duration-ms="1539" status="PASS">
          <reporter-output>
          </reporter-output>
        </test-method> <!-- testcase1_1 -->
        <test-method is-config="true" signature="afterMethod()[pri:0, instance:answerdigital.Testcase1@31e5415e]" started-at="2021-07-22T05:09:22 BST" name="afterMethod" finished-at="2021-07-22T05:09:22 BST" duration-ms="172" status="PASS">
          <reporter-output>
          </reporter-output>
        </test-method> <!-- afterMethod -->
        <test-method is-config="true" signature="beforeMethod()[pri:0, instance:answerdigital.Testcase1@31e5415e]" started-at="2021-07-22T05:09:22 BST" name="beforeMethod" finished-at="2021-07-22T05:09:28 BST" duration-ms="5867" status="PASS">
          <reporter-output>
          </reporter-output>
        </test-method> <!-- beforeMethod -->
        <test-method signature="testcase1_2()[pri:2, instance:answerdigital.Testcase1@31e5415e]" started-at="2021-07-22T05:09:28 BST" name="testcase1_2" finished-at="2021-07-22T05:09:30 BST" duration-ms="1592" status="PASS">
          <reporter-output>
          </reporter-output>
        </test-method> <!-- testcase1_2 -->
        <test-method is-config="true" signature="afterMethod()[pri:0, instance:answerdigital.Testcase1@31e5415e]" started-at="2021-07-22T05:09:30 BST" name="afterMethod" finished-at="2021-07-22T05:09:30 BST" duration-ms="196" status="PASS">
          <reporter-output>
          </reporter-output>
        </test-method> <!-- afterMethod -->
        <test-method is-config="true" signature="beforeMethod()[pri:0, instance:answerdigital.Testcase1@31e5415e]" started-at="2021-07-22T05:09:30 BST" name="beforeMethod" finished-at="2021-07-22T05:09:35 BST" duration-ms="4674" status="PASS">
          <reporter-output>
          </reporter-output>
        </test-method> <!-- beforeMethod -->
        <test-method signature="testcase1_3()[pri:2, instance:answerdigital.Testcase1@31e5415e]" started-at="2021-07-22T05:09:35 BST" name="testcase1_3" finished-at="2021-07-22T05:09:37 BST" duration-ms="2005" status="PASS">
          <reporter-output>
          </reporter-output>
        </test-method> <!-- testcase1_3 -->
        <test-method is-config="true" signature="afterMethod()[pri:0, instance:answerdigital.Testcase1@31e5415e]" started-at="2021-07-22T05:09:37 BST" name="afterMethod" finished-at="2021-07-22T05:09:37 BST" duration-ms="159" status="PASS">
          <reporter-output>
          </reporter-output>
        </test-method> <!-- afterMethod -->
      </class> <!-- answerdigital.Testcase1 -->
    </test> <!-- test1 -->
  </suite> <!-- Suite -->
</testng-results>
